2020-04-05 15:58:14,600  INFO Version:21 - HV000001: Hibernate Validator 6.0.18.Final
2020-04-05 15:58:15,617  INFO PostProcessorRegistrationDelegate$BeanPostProcessorChecker:330 - Bean 'org.springframework.cloud.autoconfigure.ConfigurationPropertiesRebinderAutoConfiguration' of type [org.springframework.cloud.autoconfigure.ConfigurationPropertiesRebinderAutoConfiguration$$EnhancerBySpringCGLIB$$37cbfc73] is not eligible for getting processed by all BeanPostProcessors (for example: not eligible for auto-proxying)
2020-04-05 15:58:16,313  INFO PmsApplication:655 - The following profiles are active: dev
2020-04-05 15:58:17,441  INFO RepositoryConfigurationDelegate:126 - Bootstrapping Spring Data repositories in DEFAULT mode.
2020-04-05 15:58:17,467  INFO RepositoryConfigurationDelegate:184 - Finished Spring Data repository scanning in 15ms. Found 0 repository interfaces.
2020-04-05 15:58:17,676  INFO GenericScope:295 - BeanFactory id=c0dd4c8f-80fc-3213-b222-597ed40c7ef6
2020-04-05 15:58:17,805  INFO PostProcessorRegistrationDelegate$BeanPostProcessorChecker:330 - Bean 'org.springframework.transaction.annotation.ProxyTransactionManagementConfiguration' of type [org.springframework.transaction.annotation.ProxyTransactionManagementConfiguration] is not eligible for getting processed by all BeanPostProcessors (for example: not eligible for auto-proxying)
2020-04-05 15:58:17,832  INFO PostProcessorRegistrationDelegate$BeanPostProcessorChecker:330 - Bean 'org.springframework.cloud.autoconfigure.ConfigurationPropertiesRebinderAutoConfiguration' of type [org.springframework.cloud.autoconfigure.ConfigurationPropertiesRebinderAutoConfiguration$$EnhancerBySpringCGLIB$$37cbfc73] is not eligible for getting processed by all BeanPostProcessors (for example: not eligible for auto-proxying)
2020-04-05 15:58:18,104  INFO TomcatWebServer:92 - Tomcat initialized with port(s): 8080 (http)
2020-04-05 15:58:19,292  INFO ContextLoader:284 - Root WebApplicationContext: initialization completed in 2948 ms
2020-04-05 15:58:19,536  WARN AnnotationConfigServletWebServerApplicationContext:558 - Exception encountered during context initialization - cancelling refresh attempt: org.springframework.beans.factory.BeanCreationException: Error creating bean with name 'entityManagerFactory' defined in class path resource [org/springframework/boot/autoconfigure/orm/jpa/HibernateJpaConfiguration.class]: Bean instantiation via factory method failed; nested exception is org.springframework.beans.BeanInstantiationException: Failed to instantiate [org.springframework.orm.jpa.LocalContainerEntityManagerFactoryBean]: Factory method 'entityManagerFactory' threw exception; nested exception is org.springframework.beans.factory.BeanCreationException: Error creating bean with name 'scopedTarget.dataSource' defined in class path resource [org/springframework/boot/autoconfigure/jdbc/DataSourceConfiguration$Hikari.class]: Bean instantiation via factory method failed; nested exception is org.springframework.beans.BeanInstantiationException: Failed to instantiate [com.zaxxer.hikari.HikariDataSource]: Factory method 'dataSource' threw exception; nested exception is org.springframework.boot.autoconfigure.jdbc.DataSourceProperties$DataSourceBeanCreationException: Failed to determine a suitable driver class
2020-04-05 15:58:19,553  INFO ConditionEvaluationReportLoggingListener:136 - 

Error starting ApplicationContext. To display the conditions report re-run your application with 'debug' enabled.
2020-04-05 15:58:19,564 ERROR LoggingFailureAnalysisReporter:40 - 

***************************
APPLICATION FAILED TO START
***************************

Description:

Failed to configure a DataSource: 'url' attribute is not specified and no embedded datasource could be configured.

Reason: Failed to determine a suitable driver class


Action:

Consider the following:
	If you want an embedded database (H2, HSQL or Derby), please put it on the classpath.
	If you have database settings to be loaded from a particular profile you may need to activate it (no profiles are currently active).

2020-04-05 15:58:57,595  INFO Version:21 - HV000001: Hibernate Validator 6.0.18.Final
2020-04-05 15:58:58,656  INFO PostProcessorRegistrationDelegate$BeanPostProcessorChecker:330 - Bean 'org.springframework.cloud.autoconfigure.ConfigurationPropertiesRebinderAutoConfiguration' of type [org.springframework.cloud.autoconfigure.ConfigurationPropertiesRebinderAutoConfiguration$$EnhancerBySpringCGLIB$$a24549ed] is not eligible for getting processed by all BeanPostProcessors (for example: not eligible for auto-proxying)
2020-04-05 15:58:59,186  INFO PmsApplication:655 - The following profiles are active: dev
2020-04-05 15:58:59,625  INFO RepositoryConfigurationDelegate:126 - Bootstrapping Spring Data repositories in DEFAULT mode.
2020-04-05 15:58:59,646  INFO RepositoryConfigurationDelegate:184 - Finished Spring Data repository scanning in 15ms. Found 0 repository interfaces.
2020-04-05 15:58:59,780  INFO GenericScope:295 - BeanFactory id=c0dd4c8f-80fc-3213-b222-597ed40c7ef6
2020-04-05 15:58:59,869  INFO PostProcessorRegistrationDelegate$BeanPostProcessorChecker:330 - Bean 'org.springframework.transaction.annotation.ProxyTransactionManagementConfiguration' of type [org.springframework.transaction.annotation.ProxyTransactionManagementConfiguration] is not eligible for getting processed by all BeanPostProcessors (for example: not eligible for auto-proxying)
2020-04-05 15:58:59,892  INFO PostProcessorRegistrationDelegate$BeanPostProcessorChecker:330 - Bean 'org.springframework.cloud.autoconfigure.ConfigurationPropertiesRebinderAutoConfiguration' of type [org.springframework.cloud.autoconfigure.ConfigurationPropertiesRebinderAutoConfiguration$$EnhancerBySpringCGLIB$$a24549ed] is not eligible for getting processed by all BeanPostProcessors (for example: not eligible for auto-proxying)
2020-04-05 15:59:00,052  INFO TomcatWebServer:92 - Tomcat initialized with port(s): 8080 (http)
2020-04-05 15:59:01,205  INFO ContextLoader:284 - Root WebApplicationContext: initialization completed in 2007 ms
2020-04-05 15:59:01,323  WARN AnnotationConfigServletWebServerApplicationContext:558 - Exception encountered during context initialization - cancelling refresh attempt: org.springframework.beans.factory.BeanCreationException: Error creating bean with name 'entityManagerFactory' defined in class path resource [org/springframework/boot/autoconfigure/orm/jpa/HibernateJpaConfiguration.class]: Bean instantiation via factory method failed; nested exception is org.springframework.beans.BeanInstantiationException: Failed to instantiate [org.springframework.orm.jpa.LocalContainerEntityManagerFactoryBean]: Factory method 'entityManagerFactory' threw exception; nested exception is org.springframework.beans.factory.BeanCreationException: Error creating bean with name 'scopedTarget.dataSource' defined in class path resource [org/springframework/boot/autoconfigure/jdbc/DataSourceConfiguration$Hikari.class]: Bean instantiation via factory method failed; nested exception is org.springframework.beans.BeanInstantiationException: Failed to instantiate [com.zaxxer.hikari.HikariDataSource]: Factory method 'dataSource' threw exception; nested exception is org.springframework.boot.autoconfigure.jdbc.DataSourceProperties$DataSourceBeanCreationException: Failed to determine a suitable driver class
2020-04-05 15:59:01,335  INFO ConditionEvaluationReportLoggingListener:136 - 

Error starting ApplicationContext. To display the conditions report re-run your application with 'debug' enabled.
2020-04-05 15:59:01,341 ERROR LoggingFailureAnalysisReporter:40 - 

***************************
APPLICATION FAILED TO START
***************************

Description:

Failed to configure a DataSource: 'url' attribute is not specified and no embedded datasource could be configured.

Reason: Failed to determine a suitable driver class


Action:

Consider the following:
	If you want an embedded database (H2, HSQL or Derby), please put it on the classpath.
	If you have database settings to be loaded from a particular profile you may need to activate it (no profiles are currently active).

2020-04-05 15:59:44,572  INFO Version:21 - HV000001: Hibernate Validator 6.0.18.Final
2020-04-05 15:59:45,643  INFO PostProcessorRegistrationDelegate$BeanPostProcessorChecker:330 - Bean 'org.springframework.cloud.autoconfigure.ConfigurationPropertiesRebinderAutoConfiguration' of type [org.springframework.cloud.autoconfigure.ConfigurationPropertiesRebinderAutoConfiguration$$EnhancerBySpringCGLIB$$e754c16] is not eligible for getting processed by all BeanPostProcessors (for example: not eligible for auto-proxying)
2020-04-05 15:59:46,169  INFO PmsApplication:655 - The following profiles are active: dev
2020-04-05 15:59:46,587  INFO RepositoryConfigurationDelegate:126 - Bootstrapping Spring Data repositories in DEFAULT mode.
2020-04-05 15:59:46,607  INFO RepositoryConfigurationDelegate:184 - Finished Spring Data repository scanning in 13ms. Found 0 repository interfaces.
2020-04-05 15:59:46,733  INFO GenericScope:295 - BeanFactory id=c0dd4c8f-80fc-3213-b222-597ed40c7ef6
2020-04-05 15:59:46,817  INFO PostProcessorRegistrationDelegate$BeanPostProcessorChecker:330 - Bean 'org.springframework.transaction.annotation.ProxyTransactionManagementConfiguration' of type [org.springframework.transaction.annotation.ProxyTransactionManagementConfiguration] is not eligible for getting processed by all BeanPostProcessors (for example: not eligible for auto-proxying)
2020-04-05 15:59:46,836  INFO PostProcessorRegistrationDelegate$BeanPostProcessorChecker:330 - Bean 'org.springframework.cloud.autoconfigure.ConfigurationPropertiesRebinderAutoConfiguration' of type [org.springframework.cloud.autoconfigure.ConfigurationPropertiesRebinderAutoConfiguration$$EnhancerBySpringCGLIB$$e754c16] is not eligible for getting processed by all BeanPostProcessors (for example: not eligible for auto-proxying)
2020-04-05 15:59:46,994  INFO TomcatWebServer:92 - Tomcat initialized with port(s): 8080 (http)
2020-04-05 15:59:48,140  INFO ContextLoader:284 - Root WebApplicationContext: initialization completed in 1960 ms
2020-04-05 15:59:48,401  INFO LogHelper:31 - HHH000204: Processing PersistenceUnitInfo [name: default]
2020-04-05 15:59:48,612  INFO Version:46 - HHH000412: Hibernate Core {5.4.8.Final}
2020-04-05 15:59:49,037  INFO Version:49 - HCANN000001: Hibernate Commons Annotations {5.1.0.Final}
2020-04-05 15:59:49,255  INFO HikariDataSource:110 - HikariPool-1 - Starting...
2020-04-05 15:59:49,383  INFO HikariDataSource:123 - HikariPool-1 - Start completed.
2020-04-05 15:59:49,398  INFO Dialect:172 - HHH000400: Using dialect: org.hibernate.dialect.MySQL5InnoDBDialect
2020-04-05 15:59:49,684  INFO JtaPlatformInitiator:52 - HHH000490: Using JtaPlatform implementation: [org.hibernate.engine.transaction.jta.platform.internal.NoJtaPlatform]
2020-04-05 15:59:49,695  INFO LocalContainerEntityManagerFactoryBean:416 - Initialized JPA EntityManagerFactory for persistence unit 'default'
2020-04-05 15:59:50,111  WARN AnnotationConfigServletWebServerApplicationContext:558 - Exception encountered during context initialization - cancelling refresh attempt: org.springframework.beans.factory.UnsatisfiedDependencyException: Error creating bean with name 'attachmentController': Unsatisfied dependency expressed through field 'attachmentService'; nested exception is org.springframework.beans.factory.UnsatisfiedDependencyException: Error creating bean with name 'attachmentService': Unsatisfied dependency expressed through field 'attachmentDAO'; nested exception is org.springframework.beans.factory.UnsatisfiedDependencyException: Error creating bean with name 'IAttachmentDAO' defined in file [E:\MarkDown\web\demo\spring-boot-demo\target\classes\my\project\pms\dao\projectmanage\IAttachmentDAO.class]: Unsatisfied dependency expressed through bean property 'sqlSessionFactory'; nested exception is org.springframework.beans.factory.BeanCreationException: Error creating bean with name 'sqlSessionFactory' defined in class path resource [org/mybatis/spring/boot/autoconfigure/MybatisAutoConfiguration.class]: Bean instantiation via factory method failed; nested exception is org.springframework.beans.BeanInstantiationException: Failed to instantiate [org.apache.ibatis.session.SqlSessionFactory]: Factory method 'sqlSessionFactory' threw exception; nested exception is org.springframework.core.NestedIOException: Failed to parse mapping resource: 'file [E:\MarkDown\web\demo\spring-boot-demo\target\classes\mappers\ProjectMapper.xml]'; nested exception is org.apache.ibatis.builder.BuilderException: Error parsing Mapper XML. The XML location is 'file [E:\MarkDown\web\demo\spring-boot-demo\target\classes\mappers\ProjectMapper.xml]'. Cause: java.lang.IllegalArgumentException: Mapped Statements collection already contains value for my.project.pms.dao.projectmanage.IProjectDAO.selectByPrimaryKey. please check file [E:\MarkDown\web\demo\spring-boot-demo\target\classes\mappers\ProjectGroupMapper.xml] and file [E:\MarkDown\web\demo\spring-boot-demo\target\classes\mappers\ProjectMapper.xml]
2020-04-05 15:59:50,112  INFO LocalContainerEntityManagerFactoryBean:598 - Closing JPA EntityManagerFactory for persistence unit 'default'
2020-04-05 15:59:50,112  INFO SchemaDropperImpl$DelayedDropActionImpl:524 - HHH000477: Starting delayed evictData of schema as part of SessionFactory shut-down'
2020-04-05 15:59:50,115  INFO HikariDataSource:350 - HikariPool-1 - Shutdown initiated...
2020-04-05 15:59:50,121  INFO HikariDataSource:352 - HikariPool-1 - Shutdown completed.
2020-04-05 15:59:50,130  INFO ConditionEvaluationReportLoggingListener:136 - 

Error starting ApplicationContext. To display the conditions report re-run your application with 'debug' enabled.
2020-04-05 15:59:50,141 ERROR SpringApplication:826 - Application run failed
org.springframework.beans.factory.UnsatisfiedDependencyException: Error creating bean with name 'attachmentController': Unsatisfied dependency expressed through field 'attachmentService'; nested exception is org.springframework.beans.factory.UnsatisfiedDependencyException: Error creating bean with name 'attachmentService': Unsatisfied dependency expressed through field 'attachmentDAO'; nested exception is org.springframework.beans.factory.UnsatisfiedDependencyException: Error creating bean with name 'IAttachmentDAO' defined in file [E:\MarkDown\web\demo\spring-boot-demo\target\classes\my\project\pms\dao\projectmanage\IAttachmentDAO.class]: Unsatisfied dependency expressed through bean property 'sqlSessionFactory'; nested exception is org.springframework.beans.factory.BeanCreationException: Error creating bean with name 'sqlSessionFactory' defined in class path resource [org/mybatis/spring/boot/autoconfigure/MybatisAutoConfiguration.class]: Bean instantiation via factory method failed; nested exception is org.springframework.beans.BeanInstantiationException: Failed to instantiate [org.apache.ibatis.session.SqlSessionFactory]: Factory method 'sqlSessionFactory' threw exception; nested exception is org.springframework.core.NestedIOException: Failed to parse mapping resource: 'file [E:\MarkDown\web\demo\spring-boot-demo\target\classes\mappers\ProjectMapper.xml]'; nested exception is org.apache.ibatis.builder.BuilderException: Error parsing Mapper XML. The XML location is 'file [E:\MarkDown\web\demo\spring-boot-demo\target\classes\mappers\ProjectMapper.xml]'. Cause: java.lang.IllegalArgumentException: Mapped Statements collection already contains value for my.project.pms.dao.projectmanage.IProjectDAO.selectByPrimaryKey. please check file [E:\MarkDown\web\demo\spring-boot-demo\target\classes\mappers\ProjectGroupMapper.xml] and file [E:\MarkDown\web\demo\spring-boot-demo\target\classes\mappers\ProjectMapper.xml]
	at org.springframework.beans.factory.annotation.AutowiredAnnotationBeanPostProcessor$AutowiredFieldElement.inject(AutowiredAnnotationBeanPostProcessor.java:639)
	at org.springframework.beans.factory.annotation.InjectionMetadata.inject(InjectionMetadata.java:116)
	at org.springframework.beans.factory.annotation.AutowiredAnnotationBeanPostProcessor.postProcessProperties(AutowiredAnnotationBeanPostProcessor.java:397)
	at org.springframework.beans.factory.support.AbstractAutowireCapableBeanFactory.populateBean(AbstractAutowireCapableBeanFactory.java:1429)
	at org.springframework.beans.factory.support.AbstractAutowireCapableBeanFactory.doCreateBean(AbstractAutowireCapableBeanFactory.java:594)
	at org.springframework.beans.factory.support.AbstractAutowireCapableBeanFactory.createBean(AbstractAutowireCapableBeanFactory.java:517)
	at org.springframework.beans.factory.support.AbstractBeanFactory.lambda$doGetBean$0(AbstractBeanFactory.java:323)
	at org.springframework.beans.factory.support.DefaultSingletonBeanRegistry.getSingleton(DefaultSingletonBeanRegistry.java:222)
	at org.springframework.beans.factory.support.AbstractBeanFactory.doGetBean(AbstractBeanFactory.java:321)
	at org.springframework.beans.factory.support.AbstractBeanFactory.getBean(AbstractBeanFactory.java:202)
	at org.springframework.beans.factory.support.DefaultListableBeanFactory.preInstantiateSingletons(DefaultListableBeanFactory.java:879)
	at org.springframework.context.support.AbstractApplicationContext.finishBeanFactoryInitialization(AbstractApplicationContext.java:878)
	at org.springframework.context.support.AbstractApplicationContext.refresh(AbstractApplicationContext.java:550)
	at org.springframework.boot.web.servlet.context.ServletWebServerApplicationContext.refresh(ServletWebServerApplicationContext.java:141)
	at org.springframework.boot.SpringApplication.refresh(SpringApplication.java:747)
	at org.springframework.boot.SpringApplication.refreshContext(SpringApplication.java:397)
	at org.springframework.boot.SpringApplication.run(SpringApplication.java:315)
	at org.springframework.boot.SpringApplication.run(SpringApplication.java:1226)
	at org.springframework.boot.SpringApplication.run(SpringApplication.java:1215)
	at my.project.pms.PmsApplication.main(PmsApplication.java:12)
Caused by: org.springframework.beans.factory.UnsatisfiedDependencyException: Error creating bean with name 'attachmentService': Unsatisfied dependency expressed through field 'attachmentDAO'; nested exception is org.springframework.beans.factory.UnsatisfiedDependencyException: Error creating bean with name 'IAttachmentDAO' defined in file [E:\MarkDown\web\demo\spring-boot-demo\target\classes\my\project\pms\dao\projectmanage\IAttachmentDAO.class]: Unsatisfied dependency expressed through bean property 'sqlSessionFactory'; nested exception is org.springframework.beans.factory.BeanCreationException: Error creating bean with name 'sqlSessionFactory' defined in class path resource [org/mybatis/spring/boot/autoconfigure/MybatisAutoConfiguration.class]: Bean instantiation via factory method failed; nested exception is org.springframework.beans.BeanInstantiationException: Failed to instantiate [org.apache.ibatis.session.SqlSessionFactory]: Factory method 'sqlSessionFactory' threw exception; nested exception is org.springframework.core.NestedIOException: Failed to parse mapping resource: 'file [E:\MarkDown\web\demo\spring-boot-demo\target\classes\mappers\ProjectMapper.xml]'; nested exception is org.apache.ibatis.builder.BuilderException: Error parsing Mapper XML. The XML location is 'file [E:\MarkDown\web\demo\spring-boot-demo\target\classes\mappers\ProjectMapper.xml]'. Cause: java.lang.IllegalArgumentException: Mapped Statements collection already contains value for my.project.pms.dao.projectmanage.IProjectDAO.selectByPrimaryKey. please check file [E:\MarkDown\web\demo\spring-boot-demo\target\classes\mappers\ProjectGroupMapper.xml] and file [E:\MarkDown\web\demo\spring-boot-demo\target\classes\mappers\ProjectMapper.xml]
	at org.springframework.beans.factory.annotation.AutowiredAnnotationBeanPostProcessor$AutowiredFieldElement.inject(AutowiredAnnotationBeanPostProcessor.java:639)
	at org.springframework.beans.factory.annotation.InjectionMetadata.inject(InjectionMetadata.java:116)
	at org.springframework.beans.factory.annotation.AutowiredAnnotationBeanPostProcessor.postProcessProperties(AutowiredAnnotationBeanPostProcessor.java:397)
	at org.springframework.beans.factory.support.AbstractAutowireCapableBeanFactory.populateBean(AbstractAutowireCapableBeanFactory.java:1429)
	at org.springframework.beans.factory.support.AbstractAutowireCapableBeanFactory.doCreateBean(AbstractAutowireCapableBeanFactory.java:594)
	at org.springframework.beans.factory.support.AbstractAutowireCapableBeanFactory.createBean(AbstractAutowireCapableBeanFactory.java:517)
	at org.springframework.beans.factory.support.AbstractBeanFactory.lambda$doGetBean$0(AbstractBeanFactory.java:323)
	at org.springframework.beans.factory.support.DefaultSingletonBeanRegistry.getSingleton(DefaultSingletonBeanRegistry.java:222)
	at org.springframework.beans.factory.support.AbstractBeanFactory.doGetBean(AbstractBeanFactory.java:321)
	at org.springframework.beans.factory.support.AbstractBeanFactory.getBean(AbstractBeanFactory.java:202)
	at org.springframework.beans.factory.config.DependencyDescriptor.resolveCandidate(DependencyDescriptor.java:276)
	at org.springframework.beans.factory.support.DefaultListableBeanFactory.doResolveDependency(DefaultListableBeanFactory.java:1287)
	at org.springframework.beans.factory.support.DefaultListableBeanFactory.resolveDependency(DefaultListableBeanFactory.java:1207)
	at org.springframework.beans.factory.annotation.AutowiredAnnotationBeanPostProcessor$AutowiredFieldElement.inject(AutowiredAnnotationBeanPostProcessor.java:636)
	... 19 more
Caused by: org.springframework.beans.factory.UnsatisfiedDependencyException: Error creating bean with name 'IAttachmentDAO' defined in file [E:\MarkDown\web\demo\spring-boot-demo\target\classes\my\project\pms\dao\projectmanage\IAttachmentDAO.class]: Unsatisfied dependency expressed through bean property 'sqlSessionFactory'; nested exception is org.springframework.beans.factory.BeanCreationException: Error creating bean with name 'sqlSessionFactory' defined in class path resource [org/mybatis/spring/boot/autoconfigure/MybatisAutoConfiguration.class]: Bean instantiation via factory method failed; nested exception is org.springframework.beans.BeanInstantiationException: Failed to instantiate [org.apache.ibatis.session.SqlSessionFactory]: Factory method 'sqlSessionFactory' threw exception; nested exception is org.springframework.core.NestedIOException: Failed to parse mapping resource: 'file [E:\MarkDown\web\demo\spring-boot-demo\target\classes\mappers\ProjectMapper.xml]'; nested exception is org.apache.ibatis.builder.BuilderException: Error parsing Mapper XML. The XML location is 'file [E:\MarkDown\web\demo\spring-boot-demo\target\classes\mappers\ProjectMapper.xml]'. Cause: java.lang.IllegalArgumentException: Mapped Statements collection already contains value for my.project.pms.dao.projectmanage.IProjectDAO.selectByPrimaryKey. please check file [E:\MarkDown\web\demo\spring-boot-demo\target\classes\mappers\ProjectGroupMapper.xml] and file [E:\MarkDown\web\demo\spring-boot-demo\target\classes\mappers\ProjectMapper.xml]
	at org.springframework.beans.factory.support.AbstractAutowireCapableBeanFactory.autowireByType(AbstractAutowireCapableBeanFactory.java:1533)
	at org.springframework.beans.factory.support.AbstractAutowireCapableBeanFactory.populateBean(AbstractAutowireCapableBeanFactory.java:1413)
	at org.springframework.beans.factory.support.AbstractAutowireCapableBeanFactory.doCreateBean(AbstractAutowireCapableBeanFactory.java:594)
	at org.springframework.beans.factory.support.AbstractAutowireCapableBeanFactory.createBean(AbstractAutowireCapableBeanFactory.java:517)
	at org.springframework.beans.factory.support.AbstractBeanFactory.lambda$doGetBean$0(AbstractBeanFactory.java:323)
	at org.springframework.beans.factory.support.DefaultSingletonBeanRegistry.getSingleton(DefaultSingletonBeanRegistry.java:222)
	at org.springframework.beans.factory.support.AbstractBeanFactory.doGetBean(AbstractBeanFactory.java:321)
	at org.springframework.beans.factory.support.AbstractBeanFactory.getBean(AbstractBeanFactory.java:202)
	at org.springframework.beans.factory.config.DependencyDescriptor.resolveCandidate(DependencyDescriptor.java:276)
	at org.springframework.beans.factory.support.DefaultListableBeanFactory.doResolveDependency(DefaultListableBeanFactory.java:1287)
	at org.springframework.beans.factory.support.DefaultListableBeanFactory.resolveDependency(DefaultListableBeanFactory.java:1207)
	at org.springframework.beans.factory.annotation.AutowiredAnnotationBeanPostProcessor$AutowiredFieldElement.inject(AutowiredAnnotationBeanPostProcessor.java:636)
	... 32 more
Caused by: org.springframework.beans.factory.BeanCreationException: Error creating bean with name 'sqlSessionFactory' defined in class path resource [org/mybatis/spring/boot/autoconfigure/MybatisAutoConfiguration.class]: Bean instantiation via factory method failed; nested exception is org.springframework.beans.BeanInstantiationException: Failed to instantiate [org.apache.ibatis.session.SqlSessionFactory]: Factory method 'sqlSessionFactory' threw exception; nested exception is org.springframework.core.NestedIOException: Failed to parse mapping resource: 'file [E:\MarkDown\web\demo\spring-boot-demo\target\classes\mappers\ProjectMapper.xml]'; nested exception is org.apache.ibatis.builder.BuilderException: Error parsing Mapper XML. The XML location is 'file [E:\MarkDown\web\demo\spring-boot-demo\target\classes\mappers\ProjectMapper.xml]'. Cause: java.lang.IllegalArgumentException: Mapped Statements collection already contains value for my.project.pms.dao.projectmanage.IProjectDAO.selectByPrimaryKey. please check file [E:\MarkDown\web\demo\spring-boot-demo\target\classes\mappers\ProjectGroupMapper.xml] and file [E:\MarkDown\web\demo\spring-boot-demo\target\classes\mappers\ProjectMapper.xml]
	at org.springframework.beans.factory.support.ConstructorResolver.instantiate(ConstructorResolver.java:645)
	at org.springframework.beans.factory.support.ConstructorResolver.instantiateUsingFactoryMethod(ConstructorResolver.java:625)
	at org.springframework.beans.factory.support.AbstractAutowireCapableBeanFactory.instantiateUsingFactoryMethod(AbstractAutowireCapableBeanFactory.java:1338)
	at org.springframework.beans.factory.support.AbstractAutowireCapableBeanFactory.createBeanInstance(AbstractAutowireCapableBeanFactory.java:1177)
	at org.springframework.beans.factory.support.AbstractAutowireCapableBeanFactory.doCreateBean(AbstractAutowireCapableBeanFactory.java:557)
	at org.springframework.beans.factory.support.AbstractAutowireCapableBeanFactory.createBean(AbstractAutowireCapableBeanFactory.java:517)
	at org.springframework.beans.factory.support.AbstractBeanFactory.lambda$doGetBean$0(AbstractBeanFactory.java:323)
	at org.springframework.beans.factory.support.DefaultSingletonBeanRegistry.getSingleton(DefaultSingletonBeanRegistry.java:222)
	at org.springframework.beans.factory.support.AbstractBeanFactory.doGetBean(AbstractBeanFactory.java:321)
	at org.springframework.beans.factory.support.AbstractBeanFactory.getBean(AbstractBeanFactory.java:202)
	at org.springframework.beans.factory.config.DependencyDescriptor.resolveCandidate(DependencyDescriptor.java:276)
	at org.springframework.beans.factory.support.DefaultListableBeanFactory.doResolveDependency(DefaultListableBeanFactory.java:1287)
	at org.springframework.beans.factory.support.DefaultListableBeanFactory.resolveDependency(DefaultListableBeanFactory.java:1207)
	at org.springframework.beans.factory.support.AbstractAutowireCapableBeanFactory.autowireByType(AbstractAutowireCapableBeanFactory.java:1518)
	... 43 more
Caused by: org.springframework.beans.BeanInstantiationException: Failed to instantiate [org.apache.ibatis.session.SqlSessionFactory]: Factory method 'sqlSessionFactory' threw exception; nested exception is org.springframework.core.NestedIOException: Failed to parse mapping resource: 'file [E:\MarkDown\web\demo\spring-boot-demo\target\classes\mappers\ProjectMapper.xml]'; nested exception is org.apache.ibatis.builder.BuilderException: Error parsing Mapper XML. The XML location is 'file [E:\MarkDown\web\demo\spring-boot-demo\target\classes\mappers\ProjectMapper.xml]'. Cause: java.lang.IllegalArgumentException: Mapped Statements collection already contains value for my.project.pms.dao.projectmanage.IProjectDAO.selectByPrimaryKey. please check file [E:\MarkDown\web\demo\spring-boot-demo\target\classes\mappers\ProjectGroupMapper.xml] and file [E:\MarkDown\web\demo\spring-boot-demo\target\classes\mappers\ProjectMapper.xml]
	at org.springframework.beans.factory.support.SimpleInstantiationStrategy.instantiate(SimpleInstantiationStrategy.java:185)
	at org.springframework.beans.factory.support.ConstructorResolver.instantiate(ConstructorResolver.java:640)
	... 56 more
Caused by: org.springframework.core.NestedIOException: Failed to parse mapping resource: 'file [E:\MarkDown\web\demo\spring-boot-demo\target\classes\mappers\ProjectMapper.xml]'; nested exception is org.apache.ibatis.builder.BuilderException: Error parsing Mapper XML. The XML location is 'file [E:\MarkDown\web\demo\spring-boot-demo\target\classes\mappers\ProjectMapper.xml]'. Cause: java.lang.IllegalArgumentException: Mapped Statements collection already contains value for my.project.pms.dao.projectmanage.IProjectDAO.selectByPrimaryKey. please check file [E:\MarkDown\web\demo\spring-boot-demo\target\classes\mappers\ProjectGroupMapper.xml] and file [E:\MarkDown\web\demo\spring-boot-demo\target\classes\mappers\ProjectMapper.xml]
	at org.mybatis.spring.SqlSessionFactoryBean.buildSqlSessionFactory(SqlSessionFactoryBean.java:596)
	at org.mybatis.spring.SqlSessionFactoryBean.afterPropertiesSet(SqlSessionFactoryBean.java:475)
	at org.mybatis.spring.SqlSessionFactoryBean.getObject(SqlSessionFactoryBean.java:616)
	at org.mybatis.spring.boot.autoconfigure.MybatisAutoConfiguration.sqlSessionFactory(MybatisAutoConfiguration.java:180)
	at org.mybatis.spring.boot.autoconfigure.MybatisAutoConfiguration$$EnhancerBySpringCGLIB$$252f9a49.CGLIB$sqlSessionFactory$2(<generated>)
	at org.mybatis.spring.boot.autoconfigure.MybatisAutoConfiguration$$EnhancerBySpringCGLIB$$252f9a49$$FastClassBySpringCGLIB$$679b4672.invoke(<generated>)
	at org.springframework.cglib.proxy.MethodProxy.invokeSuper(MethodProxy.java:244)
	at org.springframework.context.annotation.ConfigurationClassEnhancer$BeanMethodInterceptor.intercept(ConfigurationClassEnhancer.java:363)
	at org.mybatis.spring.boot.autoconfigure.MybatisAutoConfiguration$$EnhancerBySpringCGLIB$$252f9a49.sqlSessionFactory(<generated>)
	at sun.reflect.NativeMethodAccessorImpl.invoke0(Native Method)
	at sun.reflect.NativeMethodAccessorImpl.invoke(NativeMethodAccessorImpl.java:62)
	at sun.reflect.DelegatingMethodAccessorImpl.invoke(DelegatingMethodAccessorImpl.java:43)
	at java.lang.reflect.Method.invoke(Method.java:498)
	at org.springframework.beans.factory.support.SimpleInstantiationStrategy.instantiate(SimpleInstantiationStrategy.java:154)
	... 57 more
Caused by: org.apache.ibatis.builder.BuilderException: Error parsing Mapper XML. The XML location is 'file [E:\MarkDown\web\demo\spring-boot-demo\target\classes\mappers\ProjectMapper.xml]'. Cause: java.lang.IllegalArgumentException: Mapped Statements collection already contains value for my.project.pms.dao.projectmanage.IProjectDAO.selectByPrimaryKey. please check file [E:\MarkDown\web\demo\spring-boot-demo\target\classes\mappers\ProjectGroupMapper.xml] and file [E:\MarkDown\web\demo\spring-boot-demo\target\classes\mappers\ProjectMapper.xml]
	at org.apache.ibatis.builder.xml.XMLMapperBuilder.configurationElement(XMLMapperBuilder.java:122)
	at org.apache.ibatis.builder.xml.XMLMapperBuilder.parse(XMLMapperBuilder.java:94)
	at org.mybatis.spring.SqlSessionFactoryBean.buildSqlSessionFactory(SqlSessionFactoryBean.java:594)
	... 70 more
Caused by: java.lang.IllegalArgumentException: Mapped Statements collection already contains value for my.project.pms.dao.projectmanage.IProjectDAO.selectByPrimaryKey. please check file [E:\MarkDown\web\demo\spring-boot-demo\target\classes\mappers\ProjectGroupMapper.xml] and file [E:\MarkDown\web\demo\spring-boot-demo\target\classes\mappers\ProjectMapper.xml]
	at org.apache.ibatis.session.Configuration$StrictMap.put(Configuration.java:947)
	at org.apache.ibatis.session.Configuration$StrictMap.put(Configuration.java:903)
	at org.apache.ibatis.session.Configuration.addMappedStatement(Configuration.java:702)
	at org.apache.ibatis.builder.MapperBuilderAssistant.addMappedStatement(MapperBuilderAssistant.java:297)
	at org.apache.ibatis.builder.xml.XMLStatementBuilder.parseStatementNode(XMLStatementBuilder.java:113)
	at org.apache.ibatis.builder.xml.XMLMapperBuilder.buildStatementFromContext(XMLMapperBuilder.java:137)
	at org.apache.ibatis.builder.xml.XMLMapperBuilder.buildStatementFromContext(XMLMapperBuilder.java:130)
	at org.apache.ibatis.builder.xml.XMLMapperBuilder.configurationElement(XMLMapperBuilder.java:120)
	... 72 more
2020-04-05 16:00:25,366  INFO Version:21 - HV000001: Hibernate Validator 6.0.18.Final
2020-04-05 16:00:26,439  INFO PostProcessorRegistrationDelegate$BeanPostProcessorChecker:330 - Bean 'org.springframework.cloud.autoconfigure.ConfigurationPropertiesRebinderAutoConfiguration' of type [org.springframework.cloud.autoconfigure.ConfigurationPropertiesRebinderAutoConfiguration$$EnhancerBySpringCGLIB$$92157182] is not eligible for getting processed by all BeanPostProcessors (for example: not eligible for auto-proxying)
2020-04-05 16:00:26,968  INFO DemoApplication:655 - The following profiles are active: dev
2020-04-05 16:00:27,971  INFO RepositoryConfigurationDelegate:126 - Bootstrapping Spring Data repositories in DEFAULT mode.
2020-04-05 16:00:28,060  INFO RepositoryConfigurationDelegate:184 - Finished Spring Data repository scanning in 81ms. Found 1 repository interfaces.
2020-04-05 16:00:28,060  INFO RepositoryConfigurationDelegate:126 - Bootstrapping Spring Data repositories in DEFAULT mode.
2020-04-05 16:00:28,065  INFO RepositoryConfigurationDelegate:184 - Finished Spring Data repository scanning in 4ms. Found 1 repository interfaces.
2020-04-05 16:00:28,336  INFO GenericScope:295 - BeanFactory id=731806f0-0a81-3b7a-8aa7-b288d5d5e15a
2020-04-05 16:00:28,492  INFO PostProcessorRegistrationDelegate$BeanPostProcessorChecker:330 - Bean 'org.springframework.transaction.annotation.ProxyTransactionManagementConfiguration' of type [org.springframework.transaction.annotation.ProxyTransactionManagementConfiguration] is not eligible for getting processed by all BeanPostProcessors (for example: not eligible for auto-proxying)
2020-04-05 16:00:28,605  INFO PostProcessorRegistrationDelegate$BeanPostProcessorChecker:330 - Bean 'org.springframework.cloud.autoconfigure.ConfigurationPropertiesRebinderAutoConfiguration' of type [org.springframework.cloud.autoconfigure.ConfigurationPropertiesRebinderAutoConfiguration$$EnhancerBySpringCGLIB$$92157182] is not eligible for getting processed by all BeanPostProcessors (for example: not eligible for auto-proxying)
2020-04-05 16:00:28,773  INFO TomcatWebServer:92 - Tomcat initialized with port(s): 8080 (http)
2020-04-05 16:00:29,944  INFO ContextLoader:284 - Root WebApplicationContext: initialization completed in 2966 ms
2020-04-05 16:00:30,114  INFO LogHelper:31 - HHH000204: Processing PersistenceUnitInfo [name: primaryPersistenceUnit]
2020-04-05 16:00:30,170  INFO Version:46 - HHH000412: Hibernate Core {5.4.8.Final}
2020-04-05 16:00:30,327  INFO Version:49 - HCANN000001: Hibernate Commons Annotations {5.1.0.Final}
2020-04-05 16:00:30,415 ERROR HikariConfig:957 - HikariPool-1 - dataSource or dataSourceClassName or jdbcUrl is required.
2020-04-05 16:00:30,415  WARN JdbcEnvironmentInitiator:132 - HHH000342: Could not obtain connection to query metadata : dataSource or dataSourceClassName or jdbcUrl is required.
2020-04-05 16:00:30,422  INFO Dialect:172 - HHH000400: Using dialect: org.hibernate.dialect.MySQL5InnoDBDialect
2020-04-05 16:00:31,216 ERROR HikariConfig:957 - HikariPool-1 - dataSource or dataSourceClassName or jdbcUrl is required.
2020-04-05 16:00:31,219  WARN AnnotationConfigServletWebServerApplicationContext:558 - Exception encountered during context initialization - cancelling refresh attempt: org.springframework.beans.factory.BeanCreationException: Error creating bean with name 'entityManagerFactoryPrimary' defined in class path resource [com/example/demo/jpa/mutildatasourceconfig/PrimaryConfig.class]: Invocation of init method failed; nested exception is javax.persistence.PersistenceException: [PersistenceUnit: primaryPersistenceUnit] Unable to build Hibernate SessionFactory; nested exception is java.lang.IllegalArgumentException: dataSource or dataSourceClassName or jdbcUrl is required.
2020-04-05 16:00:31,231  INFO ConditionEvaluationReportLoggingListener:136 - 

Error starting ApplicationContext. To display the conditions report re-run your application with 'debug' enabled.
2020-04-05 16:00:31,238 ERROR SpringApplication:826 - Application run failed
org.springframework.beans.factory.BeanCreationException: Error creating bean with name 'entityManagerFactoryPrimary' defined in class path resource [com/example/demo/jpa/mutildatasourceconfig/PrimaryConfig.class]: Invocation of init method failed; nested exception is javax.persistence.PersistenceException: [PersistenceUnit: primaryPersistenceUnit] Unable to build Hibernate SessionFactory; nested exception is java.lang.IllegalArgumentException: dataSource or dataSourceClassName or jdbcUrl is required.
	at org.springframework.beans.factory.support.AbstractAutowireCapableBeanFactory.initializeBean(AbstractAutowireCapableBeanFactory.java:1803)
	at org.springframework.beans.factory.support.AbstractAutowireCapableBeanFactory.doCreateBean(AbstractAutowireCapableBeanFactory.java:595)
	at org.springframework.beans.factory.support.AbstractAutowireCapableBeanFactory.createBean(AbstractAutowireCapableBeanFactory.java:517)
	at org.springframework.beans.factory.support.AbstractBeanFactory.lambda$doGetBean$0(AbstractBeanFactory.java:323)
	at org.springframework.beans.factory.support.DefaultSingletonBeanRegistry.getSingleton(DefaultSingletonBeanRegistry.java:222)
	at org.springframework.beans.factory.support.AbstractBeanFactory.doGetBean(AbstractBeanFactory.java:321)
	at org.springframework.beans.factory.support.AbstractBeanFactory.getBean(AbstractBeanFactory.java:202)
	at org.springframework.context.support.AbstractApplicationContext.getBean(AbstractApplicationContext.java:1108)
	at org.springframework.context.support.AbstractApplicationContext.finishBeanFactoryInitialization(AbstractApplicationContext.java:868)
	at org.springframework.context.support.AbstractApplicationContext.refresh(AbstractApplicationContext.java:550)
	at org.springframework.boot.web.servlet.context.ServletWebServerApplicationContext.refresh(ServletWebServerApplicationContext.java:141)
	at org.springframework.boot.SpringApplication.refresh(SpringApplication.java:747)
	at org.springframework.boot.SpringApplication.refreshContext(SpringApplication.java:397)
	at org.springframework.boot.SpringApplication.run(SpringApplication.java:315)
	at org.springframework.boot.SpringApplication.run(SpringApplication.java:1226)
	at org.springframework.boot.SpringApplication.run(SpringApplication.java:1215)
	at com.example.demo.DemoApplication.main(DemoApplication.java:38)
Caused by: javax.persistence.PersistenceException: [PersistenceUnit: primaryPersistenceUnit] Unable to build Hibernate SessionFactory; nested exception is java.lang.IllegalArgumentException: dataSource or dataSourceClassName or jdbcUrl is required.
	at org.springframework.orm.jpa.AbstractEntityManagerFactoryBean.buildNativeEntityManagerFactory(AbstractEntityManagerFactoryBean.java:403)
	at org.springframework.orm.jpa.AbstractEntityManagerFactoryBean.afterPropertiesSet(AbstractEntityManagerFactoryBean.java:378)
	at org.springframework.orm.jpa.LocalContainerEntityManagerFactoryBean.afterPropertiesSet(LocalContainerEntityManagerFactoryBean.java:341)
	at org.springframework.beans.factory.support.AbstractAutowireCapableBeanFactory.invokeInitMethods(AbstractAutowireCapableBeanFactory.java:1862)
	at org.springframework.beans.factory.support.AbstractAutowireCapableBeanFactory.initializeBean(AbstractAutowireCapableBeanFactory.java:1799)
	... 16 more
Caused by: java.lang.IllegalArgumentException: dataSource or dataSourceClassName or jdbcUrl is required.
	at com.zaxxer.hikari.HikariConfig.validate(HikariConfig.java:958)
	at com.zaxxer.hikari.HikariDataSource.getConnection(HikariDataSource.java:109)
	at org.hibernate.engine.jdbc.connections.internal.DatasourceConnectionProviderImpl.getConnection(DatasourceConnectionProviderImpl.java:122)
	at org.hibernate.engine.jdbc.env.internal.JdbcEnvironmentInitiator$ConnectionProviderJdbcConnectionAccess.obtainConnection(JdbcEnvironmentInitiator.java:180)
	at org.hibernate.resource.transaction.backend.jdbc.internal.DdlTransactionIsolatorNonJtaImpl.getIsolatedConnection(DdlTransactionIsolatorNonJtaImpl.java:43)
	at org.hibernate.tool.schema.internal.exec.GenerationTargetToDatabase.jdbcStatement(GenerationTargetToDatabase.java:77)
	at org.hibernate.tool.schema.internal.exec.GenerationTargetToDatabase.accept(GenerationTargetToDatabase.java:53)
	at org.hibernate.tool.schema.internal.SchemaDropperImpl.applySqlString(SchemaDropperImpl.java:375)
	at org.hibernate.tool.schema.internal.SchemaDropperImpl.applySqlStrings(SchemaDropperImpl.java:359)
	at org.hibernate.tool.schema.internal.SchemaDropperImpl.dropFromMetadata(SchemaDropperImpl.java:241)
	at org.hibernate.tool.schema.internal.SchemaDropperImpl.performDrop(SchemaDropperImpl.java:154)
	at org.hibernate.tool.schema.internal.SchemaDropperImpl.doDrop(SchemaDropperImpl.java:126)
	at org.hibernate.tool.schema.internal.SchemaDropperImpl.doDrop(SchemaDropperImpl.java:112)
	at org.hibernate.tool.schema.spi.SchemaManagementToolCoordinator.performDatabaseAction(SchemaManagementToolCoordinator.java:145)
	at org.hibernate.tool.schema.spi.SchemaManagementToolCoordinator.process(SchemaManagementToolCoordinator.java:73)
	at org.hibernate.internal.SessionFactoryImpl.<init>(SessionFactoryImpl.java:320)
	at org.hibernate.boot.internal.SessionFactoryBuilderImpl.build(SessionFactoryBuilderImpl.java:462)
	at org.hibernate.jpa.boot.internal.EntityManagerFactoryBuilderImpl.build(EntityManagerFactoryBuilderImpl.java:1249)
	at org.springframework.orm.jpa.vendor.SpringHibernateJpaPersistenceProvider.createContainerEntityManagerFactory(SpringHibernateJpaPersistenceProvider.java:58)
	at org.springframework.orm.jpa.LocalContainerEntityManagerFactoryBean.createNativeEntityManagerFactory(LocalContainerEntityManagerFactoryBean.java:365)
	at org.springframework.orm.jpa.AbstractEntityManagerFactoryBean.buildNativeEntityManagerFactory(AbstractEntityManagerFactoryBean.java:391)
	... 20 more
2020-04-05 16:00:54,844  INFO Version:21 - HV000001: Hibernate Validator 6.0.18.Final
2020-04-05 16:00:56,022  INFO PostProcessorRegistrationDelegate$BeanPostProcessorChecker:330 - Bean 'org.springframework.cloud.autoconfigure.ConfigurationPropertiesRebinderAutoConfiguration' of type [org.springframework.cloud.autoconfigure.ConfigurationPropertiesRebinderAutoConfiguration$$EnhancerBySpringCGLIB$$1c383f18] is not eligible for getting processed by all BeanPostProcessors (for example: not eligible for auto-proxying)
2020-04-05 16:00:56,543  INFO DemoApplication:655 - The following profiles are active: dev
2020-04-05 16:00:57,001  INFO RepositoryConfigurationDelegate:126 - Bootstrapping Spring Data repositories in DEFAULT mode.
2020-04-05 16:00:57,053  INFO RepositoryConfigurationDelegate:184 - Finished Spring Data repository scanning in 38ms. Found 1 repository interfaces.
2020-04-05 16:00:57,053  INFO RepositoryConfigurationDelegate:126 - Bootstrapping Spring Data repositories in DEFAULT mode.
2020-04-05 16:00:57,058  INFO RepositoryConfigurationDelegate:184 - Finished Spring Data repository scanning in 4ms. Found 1 repository interfaces.
2020-04-05 16:00:57,309  INFO GenericScope:295 - BeanFactory id=731806f0-0a81-3b7a-8aa7-b288d5d5e15a
2020-04-05 16:00:57,407  INFO PostProcessorRegistrationDelegate$BeanPostProcessorChecker:330 - Bean 'org.springframework.transaction.annotation.ProxyTransactionManagementConfiguration' of type [org.springframework.transaction.annotation.ProxyTransactionManagementConfiguration] is not eligible for getting processed by all BeanPostProcessors (for example: not eligible for auto-proxying)
2020-04-05 16:00:57,472  INFO PostProcessorRegistrationDelegate$BeanPostProcessorChecker:330 - Bean 'org.springframework.cloud.autoconfigure.ConfigurationPropertiesRebinderAutoConfiguration' of type [org.springframework.cloud.autoconfigure.ConfigurationPropertiesRebinderAutoConfiguration$$EnhancerBySpringCGLIB$$1c383f18] is not eligible for getting processed by all BeanPostProcessors (for example: not eligible for auto-proxying)
2020-04-05 16:00:57,640  INFO TomcatWebServer:92 - Tomcat initialized with port(s): 8080 (http)
2020-04-05 16:00:58,815  INFO ContextLoader:284 - Root WebApplicationContext: initialization completed in 2262 ms
2020-04-05 16:00:58,993  INFO LogHelper:31 - HHH000204: Processing PersistenceUnitInfo [name: primaryPersistenceUnit]
2020-04-05 16:00:59,049  INFO Version:46 - HHH000412: Hibernate Core {5.4.8.Final}
2020-04-05 16:00:59,146  INFO Version:49 - HCANN000001: Hibernate Commons Annotations {5.1.0.Final}
2020-04-05 16:00:59,229  INFO HikariDataSource:110 - HikariPool-1 - Starting...
2020-04-05 16:00:59,321  INFO HikariDataSource:123 - HikariPool-1 - Start completed.
2020-04-05 16:00:59,331  INFO Dialect:172 - HHH000400: Using dialect: org.hibernate.dialect.MySQL5InnoDBDialect
2020-04-05 16:01:00,003  INFO JtaPlatformInitiator:52 - HHH000490: Using JtaPlatform implementation: [org.hibernate.engine.transaction.jta.platform.internal.NoJtaPlatform]
2020-04-05 16:01:00,009  INFO LocalContainerEntityManagerFactoryBean:416 - Initialized JPA EntityManagerFactory for persistence unit 'primaryPersistenceUnit'
2020-04-05 16:01:00,046  INFO LogHelper:31 - HHH000204: Processing PersistenceUnitInfo [name: secondaryPersistenceUnit]
2020-04-05 16:01:00,049  INFO HikariDataSource:110 - HikariPool-2 - Starting...
2020-04-05 16:01:00,053  INFO HikariDataSource:123 - HikariPool-2 - Start completed.
2020-04-05 16:01:00,053  INFO Dialect:172 - HHH000400: Using dialect: org.hibernate.dialect.MySQL5InnoDBDialect
2020-04-05 16:01:00,148  INFO JtaPlatformInitiator:52 - HHH000490: Using JtaPlatform implementation: [org.hibernate.engine.transaction.jta.platform.internal.NoJtaPlatform]
2020-04-05 16:01:00,148  INFO LocalContainerEntityManagerFactoryBean:416 - Initialized JPA EntityManagerFactory for persistence unit 'secondaryPersistenceUnit'
2020-04-05 16:01:00,640  WARN JpaBaseConfiguration$JpaWebConfiguration:220 - spring.jpa.open-in-view is enabled by default. Therefore, database queries may be performed during view rendering. Explicitly configure spring.jpa.open-in-view to disable this warning
2020-04-05 16:01:01,760  INFO ThreadPoolTaskScheduler:171 - Initializing ExecutorService 'taskExecutor'
2020-04-05 16:01:01,793  INFO PropertySourcedRequestMappingHandlerMapping:69 - Mapped URL path [/v2/api-docs] onto method [springfox.documentation.swagger2.web.Swagger2Controller#getDocumentation(String, HttpServletRequest)]
2020-04-05 16:01:01,874  WARN ArchaiusAutoConfiguration:120 - No spring.application.name found, defaulting to 'application'
2020-04-05 16:01:01,880  WARN URLConfigurationSource:121 - No URLs will be polled as dynamic configuration sources.
2020-04-05 16:01:01,880  INFO URLConfigurationSource:122 - To enable URLs as dynamic configuration sources, define System property archaius.configurationSource.additionalUrls or make config.properties available on classpath.
2020-04-05 16:01:01,904  WARN URLConfigurationSource:121 - No URLs will be polled as dynamic configuration sources.
2020-04-05 16:01:01,905  INFO URLConfigurationSource:122 - To enable URLs as dynamic configuration sources, define System property archaius.configurationSource.additionalUrls or make config.properties available on classpath.
2020-04-05 16:01:02,070  INFO WelcomePageHandlerMapping:58 - Adding welcome page template: index
2020-04-05 16:01:02,505  WARN AnnotationConfigServletWebServerApplicationContext:558 - Exception encountered during context initialization - cancelling refresh attempt: org.springframework.beans.factory.BeanCreationException: Error creating bean with name 'sqlSessionFactory' defined in class path resource [org/mybatis/spring/boot/autoconfigure/MybatisAutoConfiguration.class]: Bean instantiation via factory method failed; nested exception is org.springframework.beans.BeanInstantiationException: Failed to instantiate [org.apache.ibatis.session.SqlSessionFactory]: Factory method 'sqlSessionFactory' threw exception; nested exception is org.springframework.core.NestedIOException: Failed to parse mapping resource: 'file [E:\MarkDown\web\demo\spring-boot-demo\target\classes\mappers\ProjectMapper.xml]'; nested exception is org.apache.ibatis.builder.BuilderException: Error parsing Mapper XML. The XML location is 'file [E:\MarkDown\web\demo\spring-boot-demo\target\classes\mappers\ProjectMapper.xml]'. Cause: java.lang.IllegalArgumentException: Mapped Statements collection already contains value for my.project.pms.dao.projectmanage.IProjectDAO.selectByPrimaryKey. please check file [E:\MarkDown\web\demo\spring-boot-demo\target\classes\mappers\ProjectGroupMapper.xml] and file [E:\MarkDown\web\demo\spring-boot-demo\target\classes\mappers\ProjectMapper.xml]
2020-04-05 16:01:02,508  INFO ThreadPoolTaskScheduler:208 - Shutting down ExecutorService 'taskExecutor'
2020-04-05 16:01:02,509  INFO LocalContainerEntityManagerFactoryBean:598 - Closing JPA EntityManagerFactory for persistence unit 'secondaryPersistenceUnit'
2020-04-05 16:01:02,509  INFO SchemaDropperImpl$DelayedDropActionImpl:524 - HHH000477: Starting delayed evictData of schema as part of SessionFactory shut-down'
2020-04-05 16:01:02,524  INFO HikariDataSource:350 - HikariPool-2 - Shutdown initiated...
2020-04-05 16:01:02,529  INFO HikariDataSource:352 - HikariPool-2 - Shutdown completed.
2020-04-05 16:01:02,529  INFO LocalContainerEntityManagerFactoryBean:598 - Closing JPA EntityManagerFactory for persistence unit 'primaryPersistenceUnit'
2020-04-05 16:01:02,530  INFO SchemaDropperImpl$DelayedDropActionImpl:524 - HHH000477: Starting delayed evictData of schema as part of SessionFactory shut-down'
2020-04-05 16:01:02,542  INFO HikariDataSource:350 - HikariPool-1 - Shutdown initiated...
2020-04-05 16:01:02,546  INFO HikariDataSource:352 - HikariPool-1 - Shutdown completed.
2020-04-05 16:01:02,556  INFO ConditionEvaluationReportLoggingListener:136 - 

Error starting ApplicationContext. To display the conditions report re-run your application with 'debug' enabled.
2020-04-05 16:01:02,562 ERROR SpringApplication:826 - Application run failed
org.springframework.beans.factory.BeanCreationException: Error creating bean with name 'sqlSessionFactory' defined in class path resource [org/mybatis/spring/boot/autoconfigure/MybatisAutoConfiguration.class]: Bean instantiation via factory method failed; nested exception is org.springframework.beans.BeanInstantiationException: Failed to instantiate [org.apache.ibatis.session.SqlSessionFactory]: Factory method 'sqlSessionFactory' threw exception; nested exception is org.springframework.core.NestedIOException: Failed to parse mapping resource: 'file [E:\MarkDown\web\demo\spring-boot-demo\target\classes\mappers\ProjectMapper.xml]'; nested exception is org.apache.ibatis.builder.BuilderException: Error parsing Mapper XML. The XML location is 'file [E:\MarkDown\web\demo\spring-boot-demo\target\classes\mappers\ProjectMapper.xml]'. Cause: java.lang.IllegalArgumentException: Mapped Statements collection already contains value for my.project.pms.dao.projectmanage.IProjectDAO.selectByPrimaryKey. please check file [E:\MarkDown\web\demo\spring-boot-demo\target\classes\mappers\ProjectGroupMapper.xml] and file [E:\MarkDown\web\demo\spring-boot-demo\target\classes\mappers\ProjectMapper.xml]
	at org.springframework.beans.factory.support.ConstructorResolver.instantiate(ConstructorResolver.java:645)
	at org.springframework.beans.factory.support.ConstructorResolver.instantiateUsingFactoryMethod(ConstructorResolver.java:625)
	at org.springframework.beans.factory.support.AbstractAutowireCapableBeanFactory.instantiateUsingFactoryMethod(AbstractAutowireCapableBeanFactory.java:1338)
	at org.springframework.beans.factory.support.AbstractAutowireCapableBeanFactory.createBeanInstance(AbstractAutowireCapableBeanFactory.java:1177)
	at org.springframework.beans.factory.support.AbstractAutowireCapableBeanFactory.doCreateBean(AbstractAutowireCapableBeanFactory.java:557)
	at org.springframework.beans.factory.support.AbstractAutowireCapableBeanFactory.createBean(AbstractAutowireCapableBeanFactory.java:517)
	at org.springframework.beans.factory.support.AbstractBeanFactory.lambda$doGetBean$0(AbstractBeanFactory.java:323)
	at org.springframework.beans.factory.support.DefaultSingletonBeanRegistry.getSingleton(DefaultSingletonBeanRegistry.java:222)
	at org.springframework.beans.factory.support.AbstractBeanFactory.doGetBean(AbstractBeanFactory.java:321)
	at org.springframework.beans.factory.support.AbstractBeanFactory.getBean(AbstractBeanFactory.java:202)
	at org.springframework.beans.factory.support.DefaultListableBeanFactory.preInstantiateSingletons(DefaultListableBeanFactory.java:879)
	at org.springframework.context.support.AbstractApplicationContext.finishBeanFactoryInitialization(AbstractApplicationContext.java:878)
	at org.springframework.context.support.AbstractApplicationContext.refresh(AbstractApplicationContext.java:550)
	at org.springframework.boot.web.servlet.context.ServletWebServerApplicationContext.refresh(ServletWebServerApplicationContext.java:141)
	at org.springframework.boot.SpringApplication.refresh(SpringApplication.java:747)
	at org.springframework.boot.SpringApplication.refreshContext(SpringApplication.java:397)
	at org.springframework.boot.SpringApplication.run(SpringApplication.java:315)
	at org.springframework.boot.SpringApplication.run(SpringApplication.java:1226)
	at org.springframework.boot.SpringApplication.run(SpringApplication.java:1215)
	at com.example.demo.DemoApplication.main(DemoApplication.java:38)
Caused by: org.springframework.beans.BeanInstantiationException: Failed to instantiate [org.apache.ibatis.session.SqlSessionFactory]: Factory method 'sqlSessionFactory' threw exception; nested exception is org.springframework.core.NestedIOException: Failed to parse mapping resource: 'file [E:\MarkDown\web\demo\spring-boot-demo\target\classes\mappers\ProjectMapper.xml]'; nested exception is org.apache.ibatis.builder.BuilderException: Error parsing Mapper XML. The XML location is 'file [E:\MarkDown\web\demo\spring-boot-demo\target\classes\mappers\ProjectMapper.xml]'. Cause: java.lang.IllegalArgumentException: Mapped Statements collection already contains value for my.project.pms.dao.projectmanage.IProjectDAO.selectByPrimaryKey. please check file [E:\MarkDown\web\demo\spring-boot-demo\target\classes\mappers\ProjectGroupMapper.xml] and file [E:\MarkDown\web\demo\spring-boot-demo\target\classes\mappers\ProjectMapper.xml]
	at org.springframework.beans.factory.support.SimpleInstantiationStrategy.instantiate(SimpleInstantiationStrategy.java:185)
	at org.springframework.beans.factory.support.ConstructorResolver.instantiate(ConstructorResolver.java:640)
	... 19 more
Caused by: org.springframework.core.NestedIOException: Failed to parse mapping resource: 'file [E:\MarkDown\web\demo\spring-boot-demo\target\classes\mappers\ProjectMapper.xml]'; nested exception is org.apache.ibatis.builder.BuilderException: Error parsing Mapper XML. The XML location is 'file [E:\MarkDown\web\demo\spring-boot-demo\target\classes\mappers\ProjectMapper.xml]'. Cause: java.lang.IllegalArgumentException: Mapped Statements collection already contains value for my.project.pms.dao.projectmanage.IProjectDAO.selectByPrimaryKey. please check file [E:\MarkDown\web\demo\spring-boot-demo\target\classes\mappers\ProjectGroupMapper.xml] and file [E:\MarkDown\web\demo\spring-boot-demo\target\classes\mappers\ProjectMapper.xml]
	at org.mybatis.spring.SqlSessionFactoryBean.buildSqlSessionFactory(SqlSessionFactoryBean.java:596)
	at org.mybatis.spring.SqlSessionFactoryBean.afterPropertiesSet(SqlSessionFactoryBean.java:475)
	at org.mybatis.spring.SqlSessionFactoryBean.getObject(SqlSessionFactoryBean.java:616)
	at org.mybatis.spring.boot.autoconfigure.MybatisAutoConfiguration.sqlSessionFactory(MybatisAutoConfiguration.java:180)
	at org.mybatis.spring.boot.autoconfigure.MybatisAutoConfiguration$$EnhancerBySpringCGLIB$$32f28d4b.CGLIB$sqlSessionFactory$1(<generated>)
	at org.mybatis.spring.boot.autoconfigure.MybatisAutoConfiguration$$EnhancerBySpringCGLIB$$32f28d4b$$FastClassBySpringCGLIB$$86a892b3.invoke(<generated>)
	at org.springframework.cglib.proxy.MethodProxy.invokeSuper(MethodProxy.java:244)
	at org.springframework.context.annotation.ConfigurationClassEnhancer$BeanMethodInterceptor.intercept(ConfigurationClassEnhancer.java:363)
	at org.mybatis.spring.boot.autoconfigure.MybatisAutoConfiguration$$EnhancerBySpringCGLIB$$32f28d4b.sqlSessionFactory(<generated>)
	at sun.reflect.NativeMethodAccessorImpl.invoke0(Native Method)
	at sun.reflect.NativeMethodAccessorImpl.invoke(NativeMethodAccessorImpl.java:62)
	at sun.reflect.DelegatingMethodAccessorImpl.invoke(DelegatingMethodAccessorImpl.java:43)
	at java.lang.reflect.Method.invoke(Method.java:498)
	at org.springframework.beans.factory.support.SimpleInstantiationStrategy.instantiate(SimpleInstantiationStrategy.java:154)
	... 20 more
Caused by: org.apache.ibatis.builder.BuilderException: Error parsing Mapper XML. The XML location is 'file [E:\MarkDown\web\demo\spring-boot-demo\target\classes\mappers\ProjectMapper.xml]'. Cause: java.lang.IllegalArgumentException: Mapped Statements collection already contains value for my.project.pms.dao.projectmanage.IProjectDAO.selectByPrimaryKey. please check file [E:\MarkDown\web\demo\spring-boot-demo\target\classes\mappers\ProjectGroupMapper.xml] and file [E:\MarkDown\web\demo\spring-boot-demo\target\classes\mappers\ProjectMapper.xml]
	at org.apache.ibatis.builder.xml.XMLMapperBuilder.configurationElement(XMLMapperBuilder.java:122)
	at org.apache.ibatis.builder.xml.XMLMapperBuilder.parse(XMLMapperBuilder.java:94)
	at org.mybatis.spring.SqlSessionFactoryBean.buildSqlSessionFactory(SqlSessionFactoryBean.java:594)
	... 33 more
Caused by: java.lang.IllegalArgumentException: Mapped Statements collection already contains value for my.project.pms.dao.projectmanage.IProjectDAO.selectByPrimaryKey. please check file [E:\MarkDown\web\demo\spring-boot-demo\target\classes\mappers\ProjectGroupMapper.xml] and file [E:\MarkDown\web\demo\spring-boot-demo\target\classes\mappers\ProjectMapper.xml]
	at org.apache.ibatis.session.Configuration$StrictMap.put(Configuration.java:947)
	at org.apache.ibatis.session.Configuration$StrictMap.put(Configuration.java:903)
	at org.apache.ibatis.session.Configuration.addMappedStatement(Configuration.java:702)
	at org.apache.ibatis.builder.MapperBuilderAssistant.addMappedStatement(MapperBuilderAssistant.java:297)
	at org.apache.ibatis.builder.xml.XMLStatementBuilder.parseStatementNode(XMLStatementBuilder.java:113)
	at org.apache.ibatis.builder.xml.XMLMapperBuilder.buildStatementFromContext(XMLMapperBuilder.java:137)
	at org.apache.ibatis.builder.xml.XMLMapperBuilder.buildStatementFromContext(XMLMapperBuilder.java:130)
	at org.apache.ibatis.builder.xml.XMLMapperBuilder.configurationElement(XMLMapperBuilder.java:120)
	... 35 more
